<?xml version="1.0" encoding="UTF-8"?>
<!-- Generated by org.testng.reporters.JUnitXMLReporter -->
<testsuite ignored="13" hostname="Webplat78" failures="1" tests="1" name="Default test(failed)(failed)" time="49.603" errors="0" timestamp="2024-09-17T17:50:30 IST">
  <testcase classname="testRun.TransactionHistoryTEST" name="TC012_pagination_validatePageDataAndMessageCountAtPageBottom_changePageSizeALL" time="36.299">
    <failure type="org.openqa.selenium.StaleElementReferenceException" message="stale element reference: stale element not found in the current frame
  (Session info: chrome=128.0.6613.138)
For documentation on this error, please visit: http://seleniumhq.org/exceptions/stale_element_reference.html
Build info: version: &amp;apos;3.14.0&amp;apos;, revision: &amp;apos;aacccce0&amp;apos;, time: &amp;apos;2018-08-02T20:19:58.91Z&amp;apos;
System info: host: &amp;apos;WEBPLAT78&amp;apos;, ip: &amp;apos;192.168.0.108&amp;apos;, os.name: &amp;apos;Windows 11&amp;apos;, os.arch: &amp;apos;amd64&amp;apos;, os.version: &amp;apos;10.0&amp;apos;, java.version: &amp;apos;17.0.9&amp;apos;
Driver info: org.openqa.selenium.chrome.ChromeDriver
Capabilities {acceptInsecureCerts: false, browserName: chrome, browserVersion: 128.0.6613.138, chrome: {chromedriverVersion: 128.0.6613.86 (3045ed680fda..., userDataDir: C:\Users\Test1\AppData\Loca...}, fedcm:accounts: true, goog:chromeOptions: {debuggerAddress: localhost:65319}, javascriptEnabled: true, networkConnectionEnabled: false, pageLoadStrategy: normal, platform: WINDOWS, platformName: WINDOWS, proxy: Proxy(), setWindowRect: true, strictFileInteractability: false, timeouts: {implicit: 0, pageLoad: 300000, script: 30000}, unhandledPromptBehavior: dismiss and notify, webauthn:extension:credBlob: true, webauthn:extension:largeBlob: true, webauthn:extension:minPinLength: true, webauthn:extension:prf: true, webauthn:virtualAuthenticators: true}
Session ID: ff799afc2805cd555da550926edb07b0">
      <![CDATA[org.openqa.selenium.StaleElementReferenceException: stale element reference: stale element not found in the current frame
  (Session info: chrome=128.0.6613.138)
For documentation on this error, please visit: http://seleniumhq.org/exceptions/stale_element_reference.html
Build info: version: '3.14.0', revision: 'aacccce0', time: '2018-08-02T20:19:58.91Z'
System info: host: 'WEBPLAT78', ip: '192.168.0.108', os.name: 'Windows 11', os.arch: 'amd64', os.version: '10.0', java.version: '17.0.9'
Driver info: org.openqa.selenium.chrome.ChromeDriver
Capabilities {acceptInsecureCerts: false, browserName: chrome, browserVersion: 128.0.6613.138, chrome: {chromedriverVersion: 128.0.6613.86 (3045ed680fda..., userDataDir: C:\Users\Test1\AppData\Loca...}, fedcm:accounts: true, goog:chromeOptions: {debuggerAddress: localhost:65319}, javascriptEnabled: true, networkConnectionEnabled: false, pageLoadStrategy: normal, platform: WINDOWS, platformName: WINDOWS, proxy: Proxy(), setWindowRect: true, strictFileInteractability: false, timeouts: {implicit: 0, pageLoad: 300000, script: 30000}, unhandledPromptBehavior: dismiss and notify, webauthn:extension:credBlob: true, webauthn:extension:largeBlob: true, webauthn:extension:minPinLength: true, webauthn:extension:prf: true, webauthn:virtualAuthenticators: true}
Session ID: ff799afc2805cd555da550926edb07b0
at org.openqa.selenium.remote.http.W3CHttpResponseCodec.createException(W3CHttpResponseCodec.java:187)
at org.openqa.selenium.remote.http.W3CHttpResponseCodec.decode(W3CHttpResponseCodec.java:122)
at org.openqa.selenium.remote.http.W3CHttpResponseCodec.decode(W3CHttpResponseCodec.java:49)
at org.openqa.selenium.remote.HttpCommandExecutor.execute(HttpCommandExecutor.java:158)
at org.openqa.selenium.remote.service.DriverCommandExecutor.execute(DriverCommandExecutor.java:83)
at org.openqa.selenium.remote.RemoteWebDriver.execute(RemoteWebDriver.java:548)
at org.openqa.selenium.remote.RemoteWebElement.execute(RemoteWebElement.java:276)
at org.openqa.selenium.remote.RemoteWebElement.getText(RemoteWebElement.java:160)
at pageObjects.TransactionHistoryPOM.validate_dataPerPageWithAllPageSizes(TransactionHistoryPOM.java:1417)
at testRun.TransactionHistoryTEST.TC012_pagination_validatePageDataAndMessageCountAtPageBottom_changePageSizeALL(TransactionHistoryTEST.java:468)
at java.base/java.util.ArrayList.forEach(ArrayList.java:1511)
... Removed 32 stack frames]]>
    </failure>
  </testcase> <!-- TC012_pagination_validatePageDataAndMessageCountAtPageBottom_changePageSizeALL -->
  <testcase classname="testRun.TransactionHistoryTEST" name="TC007_categoryFilterWorking" time="0.0">
    <ignored/>
  </testcase> <!-- TC007_categoryFilterWorking -->
  <testcase classname="testRun.TransactionHistoryTEST" name="TC006_openMoreDetailsUsingMeatballIcon" time="0.0">
    <ignored/>
  </testcase> <!-- TC006_openMoreDetailsUsingMeatballIcon -->
  <testcase classname="testRun.TransactionHistoryTEST" name="TC008_serviceFilterWorking" time="0.0">
    <ignored/>
  </testcase> <!-- TC008_serviceFilterWorking -->
  <testcase classname="testRun.TransactionHistoryTEST" name="TC003_messageDisplayedIfTableHasNoData" time="0.0">
    <ignored/>
  </testcase> <!-- TC003_messageDisplayedIfTableHasNoData -->
  <testcase classname="testRun.TransactionHistoryTEST" name="TC011_pagination_validatePageDataAndMessageCountAtPageBottom" time="0.0">
    <ignored/>
  </testcase> <!-- TC011_pagination_validatePageDataAndMessageCountAtPageBottom -->
  <testcase classname="testRun.TransactionHistoryTEST" name="TC009_operatorFilterWorking" time="0.0">
    <ignored/>
  </testcase> <!-- TC009_operatorFilterWorking -->
  <testcase classname="testRun.TransactionHistoryTEST" name="TC005_validatePageDataAccordingToPageSize" time="0.0">
    <ignored/>
  </testcase> <!-- TC005_validatePageDataAccordingToPageSize -->
  <testcase classname="testRun.TransactionHistoryTEST" name="TC013_pagination_changePagesUsingPahinationButtons" time="0.0">
    <ignored/>
  </testcase> <!-- TC013_pagination_changePagesUsingPahinationButtons -->
  <testcase classname="testRun.TransactionHistoryTEST" name="TC004_validateTheDefaultPageSize" time="0.0">
    <ignored/>
  </testcase> <!-- TC004_validateTheDefaultPageSize -->
  <testcase classname="testRun.TransactionHistoryTEST" name="TC010_telecomTabHasNoCatDropdown" time="0.0">
    <ignored/>
  </testcase> <!-- TC010_telecomTabHasNoCatDropdown -->
  <testcase classname="testRun.TransactionHistoryTEST" name="TC014_pagination_changePagesUsingPahinationButtons" time="0.0">
    <ignored/>
  </testcase> <!-- TC014_pagination_changePagesUsingPahinationButtons -->
  <testcase classname="testRun.TransactionHistoryTEST" name="TC002_selectDateAndClickSearchButton" time="0.0">
    <ignored/>
  </testcase> <!-- TC002_selectDateAndClickSearchButton -->
  <testcase classname="testRun.TransactionHistoryTEST" name="TC001_navigateToAllTxnHistoryPage" time="0.0">
    <ignored/>
  </testcase> <!-- TC001_navigateToAllTxnHistoryPage -->
</testsuite> <!-- Default test(failed)(failed) -->
