<?xml version="1.0" encoding="UTF-8"?>
<!-- Generated by org.testng.reporters.JUnitXMLReporter -->
<testsuite ignored="9" hostname="Webplat78" failures="1" tests="4" name="Default test(failed)" time="315.369" errors="0" timestamp="2024-09-27T10:50:48 IST">
  <testcase classname="testRun.TransactionHistoryTEST" name="ATR004_isCategoryTabDisplayed" time="41.973"/>
  <testcase classname="testRun.TransactionHistoryTEST" name="ATR005_categoryFilterWorking" time="62.942"/>
  <testcase classname="testRun.TransactionHistoryTEST" name="TC017T37_moreInfoSideMenuButtonsValidation" time="102.412"/>
  <testcase classname="testRun.TransactionHistoryTEST" name="ATR012_pagination_validatePageDataAndMessageCountAtPageBottom_changePageSizeALL" time="28.474">
    <failure type="org.openqa.selenium.NoSuchElementException" message="no such element: Unable to locate element: {&amp;quot;method&amp;quot;:&amp;quot;xpath&amp;quot;,&amp;quot;selector&amp;quot;:&amp;quot;//calendaricon[@class=&amp;apos;p-element p-icon-wrapper ng-tns-c46-10 ng-star-inserted&amp;apos;]&amp;quot;}
  (Session info: chrome=129.0.6668.70)
For documentation on this error, please visit: http://seleniumhq.org/exceptions/no_such_element.html
Build info: version: &amp;apos;3.14.0&amp;apos;, revision: &amp;apos;aacccce0&amp;apos;, time: &amp;apos;2018-08-02T20:19:58.91Z&amp;apos;
System info: host: &amp;apos;WEBPLAT78&amp;apos;, ip: &amp;apos;192.168.0.108&amp;apos;, os.name: &amp;apos;Windows 11&amp;apos;, os.arch: &amp;apos;amd64&amp;apos;, os.version: &amp;apos;10.0&amp;apos;, java.version: &amp;apos;17.0.9&amp;apos;
Driver info: org.openqa.selenium.chrome.ChromeDriver
Capabilities {acceptInsecureCerts: false, browserName: chrome, browserVersion: 129.0.6668.70, chrome: {chromedriverVersion: 128.0.6613.86 (3045ed680fda..., userDataDir: C:\Users\Test1\AppData\Loca...}, fedcm:accounts: true, goog:chromeOptions: {debuggerAddress: localhost:64036}, javascriptEnabled: true, networkConnectionEnabled: false, pageLoadStrategy: normal, platform: WINDOWS, platformName: WINDOWS, proxy: Proxy(), setWindowRect: true, strictFileInteractability: false, timeouts: {implicit: 0, pageLoad: 300000, script: 30000}, unhandledPromptBehavior: dismiss and notify, webauthn:extension:credBlob: true, webauthn:extension:largeBlob: true, webauthn:extension:minPinLength: true, webauthn:extension:prf: true, webauthn:virtualAuthenticators: true}
Session ID: 86334fb8641a15e83fc44496df406d21
*** Element info: {Using=xpath, value=//calendaricon[@class=&amp;apos;p-element p-icon-wrapper ng-tns-c46-10 ng-star-inserted&amp;apos;]}">
      <![CDATA[org.openqa.selenium.NoSuchElementException: no such element: Unable to locate element: {"method":"xpath","selector":"//calendaricon[@class='p-element p-icon-wrapper ng-tns-c46-10 ng-star-inserted']"}
  (Session info: chrome=129.0.6668.70)
For documentation on this error, please visit: http://seleniumhq.org/exceptions/no_such_element.html
Build info: version: '3.14.0', revision: 'aacccce0', time: '2018-08-02T20:19:58.91Z'
System info: host: 'WEBPLAT78', ip: '192.168.0.108', os.name: 'Windows 11', os.arch: 'amd64', os.version: '10.0', java.version: '17.0.9'
Driver info: org.openqa.selenium.chrome.ChromeDriver
Capabilities {acceptInsecureCerts: false, browserName: chrome, browserVersion: 129.0.6668.70, chrome: {chromedriverVersion: 128.0.6613.86 (3045ed680fda..., userDataDir: C:\Users\Test1\AppData\Loca...}, fedcm:accounts: true, goog:chromeOptions: {debuggerAddress: localhost:64036}, javascriptEnabled: true, networkConnectionEnabled: false, pageLoadStrategy: normal, platform: WINDOWS, platformName: WINDOWS, proxy: Proxy(), setWindowRect: true, strictFileInteractability: false, timeouts: {implicit: 0, pageLoad: 300000, script: 30000}, unhandledPromptBehavior: dismiss and notify, webauthn:extension:credBlob: true, webauthn:extension:largeBlob: true, webauthn:extension:minPinLength: true, webauthn:extension:prf: true, webauthn:virtualAuthenticators: true}
Session ID: 86334fb8641a15e83fc44496df406d21
*** Element info: {Using=xpath, value=//calendaricon[@class='p-element p-icon-wrapper ng-tns-c46-10 ng-star-inserted']}
at org.openqa.selenium.remote.http.W3CHttpResponseCodec.createException(W3CHttpResponseCodec.java:187)
at org.openqa.selenium.remote.http.W3CHttpResponseCodec.decode(W3CHttpResponseCodec.java:122)
at org.openqa.selenium.remote.http.W3CHttpResponseCodec.decode(W3CHttpResponseCodec.java:49)
at org.openqa.selenium.remote.HttpCommandExecutor.execute(HttpCommandExecutor.java:158)
at org.openqa.selenium.remote.service.DriverCommandExecutor.execute(DriverCommandExecutor.java:83)
at org.openqa.selenium.remote.RemoteWebDriver.execute(RemoteWebDriver.java:548)
at org.openqa.selenium.remote.RemoteWebDriver.findElement(RemoteWebDriver.java:322)
at org.openqa.selenium.remote.RemoteWebDriver.findElementByXPath(RemoteWebDriver.java:424)
at org.openqa.selenium.By$ByXPath.findElement(By.java:353)
at org.openqa.selenium.remote.RemoteWebDriver.findElement(RemoteWebDriver.java:314)
at org.openqa.selenium.support.pagefactory.DefaultElementLocator.findElement(DefaultElementLocator.java:69)
at org.openqa.selenium.support.pagefactory.internal.LocatingElementHandler.invoke(LocatingElementHandler.java:38)
at jdk.proxy2/jdk.proxy2.$Proxy14.getWrappedElement(Unknown Source)
at org.openqa.selenium.remote.internal.WebElementToJsonConverter.apply(WebElementToJsonConverter.java:50)
at java.base/java.util.stream.ReferencePipeline$3$1.accept(ReferencePipeline.java:197)
at java.base/java.util.Spliterators$ArraySpliterator.forEachRemaining(Spliterators.java:992)
at java.base/java.util.stream.AbstractPipeline.copyInto(AbstractPipeline.java:509)
at java.base/java.util.stream.AbstractPipeline.wrapAndCopyInto(AbstractPipeline.java:499)
at java.base/java.util.stream.ReduceOps$ReduceOp.evaluateSequential(ReduceOps.java:921)
at java.base/java.util.stream.AbstractPipeline.evaluate(AbstractPipeline.java:234)
at java.base/java.util.stream.ReferencePipeline.collect(ReferencePipeline.java:682)
at org.openqa.selenium.remote.RemoteWebDriver.executeScript(RemoteWebDriver.java:480)
at common.commonFunc.scrollElementIntoMiddle(commonFunc.java:1013)
at pageObjects.TransactionHistoryPOM.selectFromDate2(TransactionHistoryPOM.java:885)
at testRun.TransactionHistoryTEST.ATR012_pagination_validatePageDataAndMessageCountAtPageBottom_changePageSizeALL(TransactionHistoryTEST.java:410)
at java.base/java.util.ArrayList.forEach(ArrayList.java:1511)
... Removed 31 stack frames]]>
    </failure>
  </testcase> <!-- ATR012_pagination_validatePageDataAndMessageCountAtPageBottom_changePageSizeALL -->
  <testcase classname="testRun.TransactionHistoryTEST" name="ATR002_datePickerDefaultDateSelected" time="0.0">
    <ignored/>
  </testcase> <!-- ATR002_datePickerDefaultDateSelected -->
  <testcase classname="testRun.TransactionHistoryTEST" name="TC015T16_moreInfoSideMenuTableDataValidation" time="0.0">
    <ignored/>
  </testcase> <!-- TC015T16_moreInfoSideMenuTableDataValidation -->
  <testcase classname="testRun.TransactionHistoryTEST" name="ATR003_messageDisplayedIfTableHasNoData" time="0.0">
    <ignored/>
  </testcase> <!-- ATR003_messageDisplayedIfTableHasNoData -->
  <testcase classname="testRun.TransactionHistoryTEST" name="ATR001_navigateToAllTxnReportPage" time="0.0">
    <ignored/>
  </testcase> <!-- ATR001_navigateToAllTxnReportPage -->
  <testcase classname="testRun.TransactionHistoryTEST" name="ATR010_validateTheDefaultPageSize" time="0.0">
    <ignored/>
  </testcase> <!-- ATR010_validateTheDefaultPageSize -->
  <testcase classname="testRun.TransactionHistoryTEST" name="ATR013_pagination_changePagesUsingPaginationButtons" time="0.0">
    <ignored/>
  </testcase> <!-- ATR013_pagination_changePagesUsingPaginationButtons -->
  <testcase classname="testRun.TransactionHistoryTEST" name="ATR006_serviceFilterWorking" time="0.0">
    <ignored/>
  </testcase> <!-- ATR006_serviceFilterWorking -->
  <testcase classname="testRun.TransactionHistoryTEST" name="ATR011_validatePageDataAccordingToPageSize" time="0.0">
    <ignored/>
  </testcase> <!-- ATR011_validatePageDataAccordingToPageSize -->
  <testcase classname="testRun.TransactionHistoryTEST" name="ATR007_operatorFilterWorking" time="0.0">
    <ignored/>
  </testcase> <!-- ATR007_operatorFilterWorking -->
</testsuite> <!-- Default test(failed) -->
